[debug] [2019-05-19T19:13:20.498Z] ----------------------------------------------------------------------
[debug] [2019-05-19T19:13:20.502Z] Command:       C:\Program Files\nodejs\node.exe C:\Users\phillnh\AppData\Roaming\npm\node_modules\firebase-tools\lib\bin\firebase.js login --reauth
[debug] [2019-05-19T19:13:20.502Z] CLI Version:   6.10.0
[debug] [2019-05-19T19:13:20.502Z] Platform:      win32
[debug] [2019-05-19T19:13:20.502Z] Node Version:  v11.12.0
[debug] [2019-05-19T19:13:20.503Z] Time:          Mon May 20 2019 03:13:20 GMT+0800 (Australian Western Standard Time)
[debug] [2019-05-19T19:13:20.503Z] ----------------------------------------------------------------------
[debug] 
[info] 
[info] Visit this URL on any device to log in:
[info] https://accounts.google.com/o/oauth2/auth?client_id=563584335869-fgrhgmd47bqnekij5i8b5pr03ho849e6.apps.googleusercontent.com&scope=email%20openid%20https%3A%2F%2Fwww.googleapis.com%2Fauth%2Fcloudplatformprojects.readonly%20https%3A%2F%2Fwww.googleapis.com%2Fauth%2Ffirebase%20https%3A%2F%2Fwww.googleapis.com%2Fauth%2Fcloud-platform&response_type=code&state=673165687&redirect_uri=http%3A%2F%2Flocalhost%3A9005
[info] 
[info] Waiting for authentication...
[debug] [2019-05-19T19:13:37.303Z] >>> HTTP REQUEST POST https://accounts.google.com/o/oauth2/token  

[debug] [2019-05-19T19:13:38.061Z] Token Fetch Error: Error
    at new FirebaseError (C:\Users\phillnh\AppData\Roaming\npm\node_modules\firebase-tools\lib\error.js:9:18)
    at Request._callback (C:\Users\phillnh\AppData\Roaming\npm\node_modules\firebase-tools\lib\api.js:30:31)
    at self.callback (C:\Users\phillnh\AppData\Roaming\npm\node_modules\firebase-tools\node_modules\request\request.js:185:22)
    at Request.emit (events.js:197:13)
    at Request.EventEmitter.emit (domain.js:481:20)
    at Request.onRequestError (C:\Users\phillnh\AppData\Roaming\npm\node_modules\firebase-tools\node_modules\request\request.js:881:8)
    at ClientRequest.emit (events.js:197:13)
    at ClientRequest.EventEmitter.emit (domain.js:481:20)
    at TLSSocket.socketErrorListener (_http_client.js:397:9)
    at TLSSocket.emit (events.js:197:13)
